<?xml version="1.0" encoding="UTF-8"?>
<testsuite name="edu.jsu.mcis.CustomWidgetTest" tests="2" skipped="0" failures="0" errors="0" timestamp="2017-02-13T01:57:25" hostname="DESKTOP-KKQSDBO" time="0.302">
  <properties/>
  <testcase name="testClickingCenterOfHexagonSelectsOctagon" classname="edu.jsu.mcis.CustomWidgetTest" time="0.296"/>
  <testcase name="testHexagonIsInitiallyDeselected" classname="edu.jsu.mcis.CustomWidgetTest" time="0.002"/>
  <system-out><![CDATA[]]></system-out>
  <system-err><![CDATA[]]></system-err>
</testsuite>
